TN:
SF:components/forms/DynamicForm.tsx
FN:16,(anonymous_1)
FN:28,(anonymous_2)
FN:37,(anonymous_3)
FN:48,(anonymous_4)
FN:58,(anonymous_5)
FN:68,(anonymous_6)
FN:73,(anonymous_7)
FN:84,(anonymous_8)
FN:92,(anonymous_9)
FN:106,(anonymous_10)
FN:118,(anonymous_11)
FN:127,(anonymous_12)
FN:137,(anonymous_13)
FN:173,(anonymous_14)
FN:194,(anonymous_15)
FN:199,(anonymous_16)
FN:204,(anonymous_17)
FN:205,(anonymous_18)
FN:208,(anonymous_19)
FN:214,(anonymous_20)
FN:226,(anonymous_21)
FN:227,(anonymous_22)
FN:233,(anonymous_23)
FN:236,(anonymous_24)
FN:237,(anonymous_25)
FN:278,(anonymous_26)
FN:307,(anonymous_27)
FNF:27
FNH:0
FNDA:0,(anonymous_1)
FNDA:0,(anonymous_2)
FNDA:0,(anonymous_3)
FNDA:0,(anonymous_4)
FNDA:0,(anonymous_5)
FNDA:0,(anonymous_6)
FNDA:0,(anonymous_7)
FNDA:0,(anonymous_8)
FNDA:0,(anonymous_9)
FNDA:0,(anonymous_10)
FNDA:0,(anonymous_11)
FNDA:0,(anonymous_12)
FNDA:0,(anonymous_13)
FNDA:0,(anonymous_14)
FNDA:0,(anonymous_15)
FNDA:0,(anonymous_16)
FNDA:0,(anonymous_17)
FNDA:0,(anonymous_18)
FNDA:0,(anonymous_19)
FNDA:0,(anonymous_20)
FNDA:0,(anonymous_21)
FNDA:0,(anonymous_22)
FNDA:0,(anonymous_23)
FNDA:0,(anonymous_24)
FNDA:0,(anonymous_25)
FNDA:0,(anonymous_26)
FNDA:0,(anonymous_27)
DA:1,2
DA:3,2
DA:16,2
DA:17,0
DA:28,0
DA:37,2
DA:38,0
DA:48,0
DA:58,2
DA:68,0
DA:74,0
DA:84,2
DA:85,0
DA:92,0
DA:106,2
DA:107,0
DA:118,0
DA:127,2
DA:128,0
DA:137,0
DA:146,2
DA:173,2
DA:186,0
DA:194,0
DA:195,0
DA:196,0
DA:199,0
DA:200,0
DA:201,0
DA:204,0
DA:205,0
DA:208,0
DA:209,0
DA:212,0
DA:215,0
DA:216,0
DA:217,0
DA:219,0
DA:226,0
DA:227,0
DA:233,0
DA:236,0
DA:238,0
DA:278,2
DA:284,0
DA:307,0
DA:308,0
DA:309,0
DA:317,0
LF:49
LH:11
BRDA:20,0,0,0
BRDA:20,0,1,0
BRDA:26,1,0,0
BRDA:26,1,1,0
BRDA:30,2,0,0
BRDA:30,2,1,0
BRDA:30,3,0,0
BRDA:30,3,1,0
BRDA:32,4,0,0
BRDA:32,4,1,0
BRDA:32,4,2,0
BRDA:41,5,0,0
BRDA:41,5,1,0
BRDA:46,6,0,0
BRDA:46,6,1,0
BRDA:50,7,0,0
BRDA:50,7,1,0
BRDA:50,8,0,0
BRDA:50,8,1,0
BRDA:53,9,0,0
BRDA:53,9,1,0
BRDA:53,9,2,0
BRDA:62,10,0,0
BRDA:62,10,1,0
BRDA:67,11,0,0
BRDA:67,11,1,0
BRDA:70,12,0,0
BRDA:70,12,1,0
BRDA:70,13,0,0
BRDA:70,13,1,0
BRDA:72,14,0,0
BRDA:72,14,1,0
BRDA:73,15,0,0
BRDA:73,15,1,0
BRDA:73,16,0,0
BRDA:73,16,1,0
BRDA:79,17,0,0
BRDA:79,17,1,0
BRDA:79,17,2,0
BRDA:98,18,0,0
BRDA:98,18,1,0
BRDA:101,19,0,0
BRDA:101,19,1,0
BRDA:101,19,2,0
BRDA:110,20,0,0
BRDA:110,20,1,0
BRDA:116,21,0,0
BRDA:116,21,1,0
BRDA:118,22,0,0
BRDA:118,22,1,0
BRDA:120,23,0,0
BRDA:120,23,1,0
BRDA:120,24,0,0
BRDA:120,24,1,0
BRDA:122,25,0,0
BRDA:122,25,1,0
BRDA:122,25,2,0
BRDA:131,26,0,0
BRDA:131,26,1,0
BRDA:137,27,0,0
BRDA:137,27,1,0
BRDA:137,28,0,0
BRDA:137,28,1,0
BRDA:137,29,0,0
BRDA:137,29,1,0
BRDA:139,30,0,0
BRDA:139,30,1,0
BRDA:139,31,0,0
BRDA:139,31,1,0
BRDA:141,32,0,0
BRDA:141,32,1,0
BRDA:141,32,2,0
BRDA:178,33,0,0
BRDA:179,34,0,0
BRDA:180,35,0,0
BRDA:181,36,0,0
BRDA:182,37,0,0
BRDA:183,38,0,0
BRDA:184,39,0,0
BRDA:205,40,0,0
BRDA:205,40,1,0
BRDA:205,41,0,0
BRDA:205,41,1,0
BRDA:209,42,0,0
BRDA:209,42,1,0
BRDA:233,43,0,0
BRDA:233,43,1,0
BRDA:249,44,0,0
BRDA:249,44,1,0
BRDA:250,45,0,0
BRDA:250,45,1,0
BRDA:252,46,0,0
BRDA:252,46,1,0
BRDA:255,47,0,0
BRDA:255,47,1,0
BRDA:259,48,0,0
BRDA:259,48,1,0
BRDA:279,49,0,0
BRDA:280,50,0,0
BRDA:282,51,0,0
BRDA:308,52,0,0
BRF:101
BRH:0
end_of_record
TN:
SF:hooks/useFormState.ts
FN:39,(anonymous_0)
FN:55,(anonymous_1)
FN:57,(anonymous_2)
FN:72,(anonymous_3)
FN:78,(anonymous_4)
FN:79,(anonymous_5)
FN:86,(anonymous_6)
FN:87,(anonymous_7)
FN:95,(anonymous_8)
FN:96,(anonymous_9)
FN:99,(anonymous_10)
FN:103,(anonymous_11)
FN:107,(anonymous_12)
FN:111,(anonymous_13)
FN:112,(anonymous_14)
FN:113,(anonymous_15)
FN:118,(anonymous_16)
FN:119,(anonymous_17)
FN:119,(anonymous_18)
FN:122,(anonymous_19)
FN:126,(anonymous_20)
FN:127,(anonymous_21)
FN:130,(anonymous_22)
FN:134,(anonymous_23)
FN:136,(anonymous_24)
FN:143,(anonymous_25)
FN:150,(anonymous_26)
FN:171,(anonymous_27)
FN:206,(anonymous_28)
FN:242,(anonymous_29)
FNF:30
FNH:0
FNDA:0,(anonymous_0)
FNDA:0,(anonymous_1)
FNDA:0,(anonymous_2)
FNDA:0,(anonymous_3)
FNDA:0,(anonymous_4)
FNDA:0,(anonymous_5)
FNDA:0,(anonymous_6)
FNDA:0,(anonymous_7)
FNDA:0,(anonymous_8)
FNDA:0,(anonymous_9)
FNDA:0,(anonymous_10)
FNDA:0,(anonymous_11)
FNDA:0,(anonymous_12)
FNDA:0,(anonymous_13)
FNDA:0,(anonymous_14)
FNDA:0,(anonymous_15)
FNDA:0,(anonymous_16)
FNDA:0,(anonymous_17)
FNDA:0,(anonymous_18)
FNDA:0,(anonymous_19)
FNDA:0,(anonymous_20)
FNDA:0,(anonymous_21)
FNDA:0,(anonymous_22)
FNDA:0,(anonymous_23)
FNDA:0,(anonymous_24)
FNDA:0,(anonymous_25)
FNDA:0,(anonymous_26)
FNDA:0,(anonymous_27)
FNDA:0,(anonymous_28)
FNDA:0,(anonymous_29)
DA:1,2
DA:2,2
DA:39,2
DA:49,0
DA:52,0
DA:55,0
DA:56,0
DA:57,0
DA:58,0
DA:60,0
DA:63,0
DA:64,0
DA:65,0
DA:68,0
DA:69,0
DA:72,0
DA:73,0
DA:74,0
DA:75,0
DA:78,0
DA:79,0
DA:80,0
DA:82,0
DA:83,0
DA:86,0
DA:87,0
DA:88,0
DA:91,0
DA:95,0
DA:96,0
DA:98,0
DA:99,0
DA:103,0
DA:104,0
DA:106,0
DA:107,0
DA:111,0
DA:112,0
DA:113,0
DA:114,0
DA:118,0
DA:119,0
DA:122,0
DA:123,0
DA:126,0
DA:127,0
DA:129,0
DA:130,0
DA:134,0
DA:135,0
DA:136,0
DA:137,0
DA:139,0
DA:140,0
DA:143,0
DA:144,0
DA:145,0
DA:146,0
DA:147,0
DA:150,0
DA:151,0
DA:153,0
DA:154,0
DA:156,0
DA:158,0
DA:159,0
DA:160,0
DA:162,0
DA:163,0
DA:167,0
DA:171,0
DA:172,0
DA:173,0
DA:178,0
DA:188,0
DA:202,0
DA:206,2
DA:211,0
DA:234,0
DA:243,0
DA:244,0
DA:249,0
LF:82
LH:4
BRDA:41,0,0,0
BRDA:44,1,0,0
BRDA:45,2,0,0
BRDA:46,3,0,0
BRDA:58,4,0,0
BRDA:58,4,1,0
BRDA:58,5,0,0
BRDA:58,5,1,0
BRDA:58,6,0,0
BRDA:58,6,1,0
BRDA:58,7,0,0
BRDA:58,7,1,0
BRDA:80,8,0,0
BRDA:98,9,0,0
BRDA:106,10,0,0
BRDA:129,11,0,0
BRDA:151,12,0,0
BRDA:158,13,0,0
BRDA:158,14,0,0
BRDA:158,14,1,0
BRDA:163,15,0,0
BRDA:163,15,1,0
BRDA:172,16,0,0
BRDA:207,17,0,0
BRDA:208,18,0,0
BRDA:243,19,0,0
BRF:26
BRH:0
end_of_record
TN:
SF:lib/form-validation.ts
FN:47,(anonymous_0)
FN:57,(anonymous_1)
FN:62,(anonymous_2)
FN:65,(anonymous_3)
FN:88,(anonymous_4)
FN:98,(anonymous_5)
FN:123,(anonymous_6)
FN:124,(anonymous_7)
FN:127,(anonymous_8)
FN:128,(anonymous_9)
FN:133,(anonymous_10)
FN:144,(anonymous_11)
FNF:12
FNH:0
FNDA:0,(anonymous_0)
FNDA:0,(anonymous_1)
FNDA:0,(anonymous_2)
FNDA:0,(anonymous_3)
FNDA:0,(anonymous_4)
FNDA:0,(anonymous_5)
FNDA:0,(anonymous_6)
FNDA:0,(anonymous_7)
FNDA:0,(anonymous_8)
FNDA:0,(anonymous_9)
FNDA:0,(anonymous_10)
FNDA:0,(anonymous_11)
DA:1,4
DA:33,4
DA:40,4
DA:47,0
DA:53,4
DA:58,0
DA:59,0
DA:63,0
DA:65,0
DA:66,0
DA:69,0
DA:70,0
DA:71,0
DA:72,0
DA:73,0
DA:74,0
DA:78,0
DA:79,0
DA:82,0
DA:85,0
DA:89,0
DA:90,0
DA:91,0
DA:97,0
DA:98,0
DA:104,0
DA:111,0
DA:124,0
DA:128,0
DA:133,4
DA:134,0
DA:140,0
DA:144,4
DA:145,0
DA:146,0
DA:147,0
LF:36
LH:6
BRDA:47,0,0,0
BRDA:47,0,1,0
BRDA:66,1,0,0
BRDA:66,1,1,0
BRDA:69,2,0,0
BRDA:69,2,1,0
BRDA:71,3,0,0
BRDA:71,3,1,0
BRDA:73,4,0,0
BRDA:78,5,0,0
BRDA:78,6,0,0
BRDA:78,6,1,0
BRDA:97,7,0,0
BRDA:124,8,0,0
BRDA:124,8,1,0
BRDA:124,9,0,0
BRDA:124,9,1,0
BRDA:133,10,0,0
BRF:18
BRH:0
end_of_record
TN:
SF:lib/api/client.ts
FN:20,(anonymous_0)
FN:32,(anonymous_1)
FN:35,(anonymous_2)
FN:43,(anonymous_3)
FN:48,(anonymous_4)
FN:53,(anonymous_5)
FN:58,(anonymous_6)
FN:102,(anonymous_7)
FN:108,(anonymous_8)
FN:135,(anonymous_9)
FN:145,(anonymous_10)
FN:161,(anonymous_11)
FN:162,(anonymous_12)
FN:165,(anonymous_13)
FN:169,(anonymous_14)
FNF:15
FNH:0
FNDA:0,(anonymous_0)
FNDA:0,(anonymous_1)
FNDA:0,(anonymous_2)
FNDA:0,(anonymous_3)
FNDA:0,(anonymous_4)
FNDA:0,(anonymous_5)
FNDA:0,(anonymous_6)
FNDA:0,(anonymous_7)
FNDA:0,(anonymous_8)
FNDA:0,(anonymous_9)
FNDA:0,(anonymous_10)
FNDA:0,(anonymous_11)
FNDA:0,(anonymous_12)
FNDA:0,(anonymous_13)
FNDA:0,(anonymous_14)
DA:14,0
DA:16,0
DA:17,0
DA:18,0
DA:21,0
DA:33,0
DA:34,0
DA:35,0
DA:36,0
DA:40,0
DA:44,0
DA:45,0
DA:49,0
DA:50,0
DA:54,0
DA:55,0
DA:63,0
DA:65,0
DA:70,0
DA:71,0
DA:74,0
DA:80,0
DA:81,0
DA:84,0
DA:85,0
DA:86,0
DA:87,0
DA:90,0
DA:92,0
DA:93,0
DA:94,0
DA:95,0
DA:96,0
DA:97,0
DA:98,0
DA:102,0
DA:103,0
DA:106,0
DA:107,0
DA:108,0
DA:109,0
DA:112,0
DA:119,0
DA:120,0
DA:123,0
DA:124,0
DA:127,0
DA:128,0
DA:132,0
DA:136,0
DA:138,0
DA:139,0
DA:140,0
DA:141,0
DA:146,0
DA:147,0
DA:148,0
DA:149,0
DA:151,0
DA:152,0
DA:162,0
DA:166,0
DA:170,0
DA:171,0
DA:172,0
DA:174,0
LF:66
LH:0
BRDA:34,0,0,0
BRDA:70,1,0,0
BRDA:77,2,0,0
BRDA:77,2,1,0
BRDA:80,3,0,0
BRDA:80,4,0,0
BRDA:80,4,1,0
BRDA:85,5,0,0
BRDA:85,5,1,0
BRDA:92,6,0,0
BRDA:93,7,0,0
BRDA:95,8,0,0
BRDA:95,9,0,0
BRDA:95,9,1,0
BRDA:95,10,0,0
BRDA:95,10,1,0
BRDA:103,11,0,0
BRDA:103,11,1,0
BRDA:116,12,0,0
BRDA:116,12,1,0
BRDA:119,13,0,0
BRDA:119,14,0,0
BRDA:119,14,1,0
BRDA:123,15,0,0
BRDA:123,16,0,0
BRDA:123,16,1,0
BRDA:136,17,0,0
BRDA:139,18,0,0
BRDA:139,19,0,0
BRDA:139,19,1,0
BRDA:151,20,0,0
BRDA:151,21,0,0
BRDA:151,21,1,0
BRDA:151,21,2,0
BRDA:156,22,0,0
BRDA:156,22,1,0
BRF:36
BRH:0
end_of_record
TN:
SF:lib/integrations/external-service.ts
FN:11,(anonymous_0)
FN:18,(anonymous_1)
FN:52,(anonymous_2)
FN:84,(anonymous_3)
FN:117,(anonymous_4)
FN:121,(anonymous_5)
FN:126,(anonymous_6)
FN:130,(anonymous_7)
FN:154,(anonymous_8)
FN:155,(anonymous_9)
FN:162,(anonymous_10)
FN:163,(anonymous_11)
FN:166,(anonymous_12)
FN:177,(anonymous_13)
FN:184,(anonymous_14)
FN:209,(anonymous_15)
FN:213,(anonymous_16)
FN:219,(anonymous_17)
FN:228,(anonymous_18)
FNF:19
FNH:0
FNDA:0,(anonymous_0)
FNDA:0,(anonymous_1)
FNDA:0,(anonymous_2)
FNDA:0,(anonymous_3)
FNDA:0,(anonymous_4)
FNDA:0,(anonymous_5)
FNDA:0,(anonymous_6)
FNDA:0,(anonymous_7)
FNDA:0,(anonymous_8)
FNDA:0,(anonymous_9)
FNDA:0,(anonymous_10)
FNDA:0,(anonymous_11)
FNDA:0,(anonymous_12)
FNDA:0,(anonymous_13)
FNDA:0,(anonymous_14)
FNDA:0,(anonymous_15)
FNDA:0,(anonymous_16)
FNDA:0,(anonymous_17)
FNDA:0,(anonymous_18)
DA:1,0
DA:8,0
DA:12,0
DA:19,0
DA:40,0
DA:45,0
DA:46,0
DA:49,0
DA:53,0
DA:76,0
DA:81,0
DA:85,0
DA:108,0
DA:113,0
DA:117,0
DA:118,0
DA:122,0
DA:123,0
DA:127,0
DA:131,0
DA:132,0
DA:133,0
DA:136,0
DA:137,0
DA:138,0
DA:140,0
DA:155,0
DA:156,0
DA:159,0
DA:163,0
DA:164,0
DA:165,0
DA:166,0
DA:168,0
DA:169,0
DA:172,0
DA:178,0
DA:179,0
DA:180,0
DA:190,0
DA:191,0
DA:192,0
DA:195,0
DA:197,0
DA:199,0
DA:201,0
DA:203,0
DA:205,0
DA:210,0
DA:214,0
DA:215,0
DA:219,0
DA:220,0
DA:228,0
DA:229,0
LF:55
LH:0
BRDA:45,0,0,0
BRDA:52,1,0,0
BRDA:132,2,0,0
BRDA:142,3,0,0
BRDA:142,3,1,0
BRDA:147,4,0,0
BRDA:147,4,1,0
BRDA:162,5,0,0
BRDA:168,6,0,0
BRDA:178,7,0,0
BRDA:191,8,0,0
BRDA:195,9,0,0
BRDA:195,9,1,0
BRDA:195,9,2,0
BRDA:195,9,3,0
BRDA:195,9,4,0
BRDA:215,10,0,0
BRDA:215,10,1,0
BRDA:215,11,0,0
BRDA:215,11,1,0
BRF:20
BRH:0
end_of_record
TN:
SF:lib/operations/file-writer.ts
FN:10,(anonymous_0)
FN:34,(anonymous_1)
FN:52,(anonymous_2)
FN:75,(anonymous_3)
FN:95,(anonymous_4)
FN:123,(anonymous_5)
FN:141,(anonymous_6)
FN:149,(anonymous_7)
FN:158,(anonymous_8)
FN:163,(anonymous_9)
FN:175,(anonymous_10)
FN:194,(anonymous_11)
FN:207,(anonymous_12)
FNF:13
FNH:0
FNDA:0,(anonymous_0)
FNDA:0,(anonymous_1)
FNDA:0,(anonymous_2)
FNDA:0,(anonymous_3)
FNDA:0,(anonymous_4)
FNDA:0,(anonymous_5)
FNDA:0,(anonymous_6)
FNDA:0,(anonymous_7)
FNDA:0,(anonymous_8)
FNDA:0,(anonymous_9)
FNDA:0,(anonymous_10)
FNDA:0,(anonymous_11)
FNDA:0,(anonymous_12)
DA:1,2
DA:2,2
DA:4,2
DA:6,2
DA:7,2
DA:8,2
DA:15,0
DA:22,0
DA:23,0
DA:31,0
DA:39,0
DA:40,0
DA:41,0
DA:43,0
DA:57,0
DA:59,0
DA:61,0
DA:64,0
DA:66,0
DA:81,0
DA:82,0
DA:83,0
DA:84,0
DA:86,0
DA:100,0
DA:101,0
DA:102,0
DA:103,0
DA:106,0
DA:107,0
DA:111,0
DA:112,0
DA:114,0
DA:128,0
DA:129,0
DA:130,0
DA:132,0
DA:149,0
DA:155,0
DA:159,0
DA:160,0
DA:164,0
DA:167,0
DA:168,0
DA:169,0
DA:172,0
DA:180,0
DA:182,0
DA:183,0
DA:185,0
DA:195,0
DA:196,0
DA:198,0
DA:199,0
DA:200,0
DA:201,0
DA:202,0
DA:203,0
DA:204,0
DA:205,0
DA:206,0
DA:207,0
DA:208,0
DA:210,0
DA:211,0
DA:212,0
DA:216,0
DA:220,2
LF:68
LH:7
BRDA:13,0,0,0
BRDA:17,1,0,0
BRDA:17,1,1,0
BRDA:22,2,0,0
BRDA:25,3,0,0
BRDA:25,3,1,0
BRDA:37,4,0,0
BRDA:45,5,0,0
BRDA:45,5,1,0
BRDA:46,6,0,0
BRDA:46,6,1,0
BRDA:55,7,0,0
BRDA:59,8,0,0
BRDA:59,8,1,0
BRDA:59,8,2,0
BRDA:59,8,3,0
BRDA:68,9,0,0
BRDA:68,9,1,0
BRDA:79,10,0,0
BRDA:88,11,0,0
BRDA:88,11,1,0
BRDA:89,12,0,0
BRDA:89,12,1,0
BRDA:98,13,0,0
BRDA:106,14,0,0
BRDA:116,15,0,0
BRDA:116,15,1,0
BRDA:117,16,0,0
BRDA:117,16,1,0
BRDA:126,17,0,0
BRDA:134,18,0,0
BRDA:134,18,1,0
BRDA:135,19,0,0
BRDA:135,19,1,0
BRDA:147,20,0,0
BRDA:178,21,0,0
BRDA:187,22,0,0
BRDA:187,22,1,0
BRDA:188,23,0,0
BRDA:188,23,1,0
BRDA:194,24,0,0
BRDA:199,25,0,0
BRDA:199,25,1,0
BRDA:199,26,0,0
BRDA:199,26,1,0
BRDA:201,27,0,0
BRDA:201,27,1,0
BRDA:203,28,0,0
BRDA:203,28,1,0
BRDA:203,29,0,0
BRDA:203,29,1,0
BRDA:205,30,0,0
BRDA:205,30,1,0
BRDA:208,31,0,0
BRDA:208,31,1,0
BRDA:210,32,0,0
BRF:56
BRH:0
end_of_record
TN:
SF:lib/operations/write-operations.ts
FN:5,(anonymous_0)
FN:8,(anonymous_1)
FN:69,(anonymous_2)
FN:93,(anonymous_3)
FN:110,(anonymous_4)
FN:130,(anonymous_5)
FN:139,(anonymous_6)
FN:153,(anonymous_7)
FN:157,(anonymous_8)
FN:161,(anonymous_9)
FNF:10
FNH:1
FNDA:4,(anonymous_0)
FNDA:0,(anonymous_1)
FNDA:0,(anonymous_2)
FNDA:0,(anonymous_3)
FNDA:0,(anonymous_4)
FNDA:0,(anonymous_5)
FNDA:0,(anonymous_6)
FNDA:0,(anonymous_7)
FNDA:0,(anonymous_8)
FNDA:0,(anonymous_9)
DA:1,4
DA:2,4
DA:5,4
DA:6,4
DA:13,0
DA:15,0
DA:17,0
DA:18,0
DA:19,0
DA:29,0
DA:30,0
DA:34,0
DA:37,0
DA:44,0
DA:47,0
DA:48,0
DA:49,0
DA:51,0
DA:60,0
DA:72,0
DA:73,0
DA:75,0
DA:76,0
DA:81,0
DA:84,0
DA:85,0
DA:86,0
DA:90,0
DA:94,0
DA:95,0
DA:96,0
DA:99,0
DA:100,0
DA:101,0
DA:102,0
DA:103,0
DA:105,0
DA:106,0
DA:116,0
DA:117,0
DA:119,0
DA:123,0
DA:124,0
DA:128,0
DA:129,0
DA:130,0
DA:131,0
DA:132,0
DA:136,0
DA:140,0
DA:141,0
DA:142,0
DA:143,0
DA:145,0
DA:147,0
DA:149,0
DA:154,0
DA:158,0
DA:162,0
DA:163,0
DA:164,0
DA:165,0
DA:171,4
LF:63
LH:5
BRDA:11,0,0,0
BRDA:13,1,0,0
BRDA:13,1,1,0
BRDA:18,2,0,0
BRDA:29,3,0,0
BRDA:63,4,0,0
BRDA:63,4,1,0
BRDA:84,5,0,0
BRDA:84,6,0,0
BRDA:84,6,1,0
BRDA:84,7,0,0
BRDA:84,7,1,0
BRDA:84,8,0,0
BRDA:84,8,1,0
BRDA:95,9,0,0
BRDA:95,10,0,0
BRDA:95,10,1,0
BRDA:123,11,0,0
BRDA:123,12,0,0
BRDA:123,12,1,0
BRDA:128,13,0,0
BRDA:131,14,0,0
BRDA:145,15,0,0
BRDA:161,16,0,0
BRDA:164,17,0,0
BRF:25
BRH:0
end_of_record
TN:
SF:lib/validation/write-validation.ts
FN:29,(anonymous_0)
FN:82,(anonymous_1)
FN:99,(anonymous_2)
FN:114,(anonymous_3)
FN:121,(anonymous_4)
FN:131,(anonymous_5)
FN:145,(anonymous_6)
FN:158,(anonymous_7)
FN:163,(anonymous_8)
FN:201,(anonymous_9)
FN:236,(anonymous_10)
FNF:11
FNH:0
FNDA:0,(anonymous_0)
FNDA:0,(anonymous_1)
FNDA:0,(anonymous_2)
FNDA:0,(anonymous_3)
FNDA:0,(anonymous_4)
FNDA:0,(anonymous_5)
FNDA:0,(anonymous_6)
FNDA:0,(anonymous_7)
FNDA:0,(anonymous_8)
FNDA:0,(anonymous_9)
FNDA:0,(anonymous_10)
DA:1,4
DA:2,4
DA:5,4
DA:6,4
DA:21,4
DA:26,4
DA:27,4
DA:34,0
DA:35,0
DA:38,0
DA:39,0
DA:40,0
DA:44,0
DA:45,0
DA:46,0
DA:50,0
DA:51,0
DA:52,0
DA:56,0
DA:57,0
DA:58,0
DA:62,0
DA:63,0
DA:64,0
DA:65,0
DA:70,0
DA:71,0
DA:72,0
DA:75,0
DA:85,0
DA:87,0
DA:88,0
DA:93,0
DA:96,0
DA:101,0
DA:102,0
DA:106,0
DA:107,0
DA:108,0
DA:109,0
DA:113,0
DA:114,0
DA:115,0
DA:118,0
DA:122,0
DA:124,0
DA:125,0
DA:128,0
DA:132,0
DA:133,0
DA:135,0
DA:136,0
DA:142,0
DA:146,0
DA:147,0
DA:148,0
DA:155,0
DA:159,0
DA:160,0
DA:163,0
DA:164,0
DA:165,0
DA:169,0
DA:170,0
DA:171,0
DA:172,0
DA:176,0
DA:177,0
DA:178,0
DA:180,0
DA:188,0
DA:189,0
DA:190,0
DA:191,0
DA:195,0
DA:202,0
DA:205,0
DA:206,0
DA:207,0
DA:208,0
DA:212,0
DA:213,0
DA:214,0
DA:215,0
DA:219,0
DA:220,0
DA:221,0
DA:222,0
DA:226,0
DA:227,0
DA:230,0
DA:237,0
DA:239,0
DA:240,0
DA:243,0
DA:244,0
DA:245,0
DA:247,0
DA:251,0
DA:252,0
DA:253,0
DA:255,0
DA:260,4
LF:103
LH:8
BRDA:32,0,0,0
BRDA:39,1,0,0
BRDA:40,2,0,0
BRDA:40,2,1,0
BRDA:45,3,0,0
BRDA:46,4,0,0
BRDA:46,4,1,0
BRDA:51,5,0,0
BRDA:52,6,0,0
BRDA:52,6,1,0
BRDA:57,7,0,0
BRDA:58,8,0,0
BRDA:58,8,1,0
BRDA:63,9,0,0
BRDA:64,10,0,0
BRDA:71,11,0,0
BRDA:72,12,0,0
BRDA:72,12,1,0
BRDA:77,13,0,0
BRDA:77,13,1,0
BRDA:78,14,0,0
BRDA:78,14,1,0
BRDA:91,15,0,0
BRDA:91,15,1,0
BRDA:101,16,0,0
BRDA:108,17,0,0
BRDA:114,18,0,0
BRDA:124,19,0,0
BRDA:133,20,0,0
BRDA:133,20,1,0
BRDA:135,21,0,0
BRDA:147,22,0,0
BRDA:164,23,0,0
BRDA:170,24,0,0
BRDA:170,24,1,0
BRDA:171,25,0,0
BRDA:171,26,0,0
BRDA:171,26,1,0
BRDA:176,27,0,0
BRDA:182,28,0,0
BRDA:182,28,1,0
BRDA:188,29,0,0
BRDA:190,30,0,0
BRDA:191,31,0,0
BRDA:191,31,1,0
BRDA:197,32,0,0
BRDA:197,32,1,0
BRDA:205,33,0,0
BRDA:205,33,1,0
BRDA:206,34,0,0
BRDA:206,34,1,0
BRDA:207,35,0,0
BRDA:212,36,0,0
BRDA:212,36,1,0
BRDA:213,37,0,0
BRDA:213,37,1,0
BRDA:214,38,0,0
BRDA:219,39,0,0
BRDA:219,39,1,0
BRDA:220,40,0,0
BRDA:220,40,1,0
BRDA:221,41,0,0
BRDA:226,42,0,0
BRDA:232,43,0,0
BRDA:232,43,1,0
BRF:65
BRH:0
end_of_record
TN:
SF:scripts/intelligent-agent-generator.js
FN:11,(anonymous_0)
FN:22,(anonymous_1)
FN:38,(anonymous_2)
FN:107,(anonymous_3)
FN:123,(anonymous_4)
FN:134,(anonymous_5)
FN:137,(anonymous_6)
FN:147,(anonymous_7)
FN:161,(anonymous_8)
FN:164,(anonymous_9)
FN:174,(anonymous_10)
FN:186,(anonymous_11)
FN:189,(anonymous_12)
FN:199,(anonymous_13)
FN:211,(anonymous_14)
FN:225,(anonymous_15)
FN:260,(anonymous_16)
FN:263,(anonymous_17)
FN:264,(anonymous_18)
FN:272,(anonymous_19)
FN:278,(anonymous_20)
FN:285,(anonymous_21)
FN:290,(anonymous_22)
FN:298,(anonymous_23)
FN:315,(anonymous_24)
FN:350,(anonymous_25)
FN:355,(anonymous_26)
FN:360,(anonymous_27)
FN:364,(anonymous_28)
FN:368,(anonymous_29)
FN:372,(anonymous_30)
FN:377,(anonymous_31)
FN:383,(anonymous_32)
FN:389,(anonymous_33)
FN:399,(anonymous_34)
FN:414,(anonymous_35)
FN:419,(anonymous_36)
FN:424,(anonymous_37)
FN:437,(anonymous_38)
FN:450,(anonymous_39)
FN:461,(anonymous_40)
FN:465,(anonymous_41)
FN:469,(anonymous_42)
FN:473,(anonymous_43)
FN:477,(anonymous_44)
FN:481,(anonymous_45)
FN:485,(anonymous_46)
FN:489,(anonymous_47)
FN:493,(anonymous_48)
FN:497,(anonymous_49)
FNF:50
FNH:0
FNDA:0,(anonymous_0)
FNDA:0,(anonymous_1)
FNDA:0,(anonymous_2)
FNDA:0,(anonymous_3)
FNDA:0,(anonymous_4)
FNDA:0,(anonymous_5)
FNDA:0,(anonymous_6)
FNDA:0,(anonymous_7)
FNDA:0,(anonymous_8)
FNDA:0,(anonymous_9)
FNDA:0,(anonymous_10)
FNDA:0,(anonymous_11)
FNDA:0,(anonymous_12)
FNDA:0,(anonymous_13)
FNDA:0,(anonymous_14)
FNDA:0,(anonymous_15)
FNDA:0,(anonymous_16)
FNDA:0,(anonymous_17)
FNDA:0,(anonymous_18)
FNDA:0,(anonymous_19)
FNDA:0,(anonymous_20)
FNDA:0,(anonymous_21)
FNDA:0,(anonymous_22)
FNDA:0,(anonymous_23)
FNDA:0,(anonymous_24)
FNDA:0,(anonymous_25)
FNDA:0,(anonymous_26)
FNDA:0,(anonymous_27)
FNDA:0,(anonymous_28)
FNDA:0,(anonymous_29)
FNDA:0,(anonymous_30)
FNDA:0,(anonymous_31)
FNDA:0,(anonymous_32)
FNDA:0,(anonymous_33)
FNDA:0,(anonymous_34)
FNDA:0,(anonymous_35)
FNDA:0,(anonymous_36)
FNDA:0,(anonymous_37)
FNDA:0,(anonymous_38)
FNDA:0,(anonymous_39)
FNDA:0,(anonymous_40)
FNDA:0,(anonymous_41)
FNDA:0,(anonymous_42)
FNDA:0,(anonymous_43)
FNDA:0,(anonymous_44)
FNDA:0,(anonymous_45)
FNDA:0,(anonymous_46)
FNDA:0,(anonymous_47)
FNDA:0,(anonymous_48)
FNDA:0,(anonymous_49)
DA:12,0
DA:13,0
DA:16,0
DA:24,0
DA:27,0
DA:30,0
DA:32,0
DA:39,0
DA:42,0
DA:43,0
DA:54,0
DA:55,0
DA:66,0
DA:67,0
DA:78,0
DA:79,0
DA:90,0
DA:91,0
DA:101,0
DA:108,0
DA:117,0
DA:124,0
DA:133,0
DA:134,0
DA:135,0
DA:136,0
DA:137,0
DA:141,0
DA:148,0
DA:160,0
DA:161,0
DA:162,0
DA:163,0
DA:164,0
DA:168,0
DA:175,0
DA:185,0
DA:186,0
DA:187,0
DA:188,0
DA:189,0
DA:193,0
DA:200,0
DA:203,0
DA:206,0
DA:207,0
DA:210,0
DA:211,0
DA:212,0
DA:213,0
DA:217,0
DA:218,0
DA:219,0
DA:226,0
DA:227,0
DA:230,0
DA:231,0
DA:235,0
DA:236,0
DA:240,0
DA:241,0
DA:245,0
DA:246,0
DA:250,0
DA:251,0
DA:254,0
DA:262,0
DA:263,0
DA:264,0
DA:266,0
DA:268,0
DA:272,0
DA:278,0
DA:279,0
DA:286,0
DA:289,0
DA:290,0
DA:291,0
DA:292,0
DA:297,0
DA:298,0
DA:299,0
DA:300,0
DA:305,0
DA:306,0
DA:309,0
DA:317,0
DA:320,0
DA:323,0
DA:324,0
DA:327,0
DA:329,0
DA:351,0
DA:356,0
DA:361,0
DA:365,0
DA:369,0
DA:374,0
DA:379,0
DA:384,0
DA:385,0
DA:386,0
DA:390,0
DA:393,0
DA:394,0
DA:396,0
DA:401,0
DA:403,0
DA:404,0
DA:407,0
DA:408,0
DA:411,0
DA:416,0
DA:421,0
DA:426,0
DA:434,0
DA:439,0
DA:447,0
DA:452,0
DA:462,0
DA:466,0
DA:470,0
DA:474,0
DA:478,0
DA:482,0
DA:486,0
DA:490,0
DA:494,0
DA:498,0
DA:502,0
LF:130
LH:0
BRDA:42,0,0,0
BRDA:42,0,1,0
BRDA:54,1,0,0
BRDA:54,1,1,0
BRDA:66,2,0,0
BRDA:66,2,1,0
BRDA:78,3,0,0
BRDA:78,3,1,0
BRDA:90,4,0,0
BRDA:90,4,1,0
BRDA:136,5,0,0
BRDA:136,5,1,0
BRDA:163,6,0,0
BRDA:163,6,1,0
BRDA:188,7,0,0
BRDA:188,7,1,0
BRDA:212,8,0,0
BRDA:212,8,1,0
BRDA:217,9,0,0
BRDA:217,9,1,0
BRDA:218,10,0,0
BRDA:218,10,1,0
BRDA:230,11,0,0
BRDA:230,11,1,0
BRDA:235,12,0,0
BRDA:235,12,1,0
BRDA:240,13,0,0
BRDA:240,13,1,0
BRDA:245,14,0,0
BRDA:245,14,1,0
BRDA:250,15,0,0
BRDA:250,15,1,0
BRDA:266,16,0,0
BRDA:266,16,1,0
BRDA:291,17,0,0
BRDA:291,17,1,0
BRDA:299,18,0,0
BRDA:299,18,1,0
BRDA:305,19,0,0
BRDA:305,19,1,0
BRDA:351,20,0,0
BRDA:351,20,1,0
BRDA:356,21,0,0
BRDA:356,21,1,0
BRDA:385,22,0,0
BRDA:385,22,1,0
BRDA:393,23,0,0
BRDA:393,23,1,0
BRDA:394,24,0,0
BRDA:394,24,1,0
BRDA:403,25,0,0
BRDA:403,25,1,0
BRDA:403,26,0,0
BRDA:403,26,1,0
BRDA:407,27,0,0
BRDA:407,27,1,0
BRDA:407,28,0,0
BRDA:407,28,1,0
BRDA:421,29,0,0
BRDA:421,29,1,0
BRDA:434,30,0,0
BRDA:434,30,1,0
BRDA:447,31,0,0
BRDA:447,31,1,0
BRF:64
BRH:0
end_of_record
TN:
SF:scripts/postpublish.js
FN:21,log
FN:27,delay
FN:28,(anonymous_2)
FN:31,makeHttpRequest
FN:32,(anonymous_4)
FN:33,(anonymous_5)
FN:35,(anonymous_6)
FN:36,(anonymous_7)
FN:51,verifyPublishedPackage
FN:82,testGlobalInstallation
FN:109,updateDistributionManifest
FN:145,generateUsageDocumentation
FN:208,logPublishSuccess
FN:231,cleanupTemporaryFiles
FN:249,main
FNF:15
FNH:0
FNDA:0,log
FNDA:0,delay
FNDA:0,(anonymous_2)
FNDA:0,makeHttpRequest
FNDA:0,(anonymous_4)
FNDA:0,(anonymous_5)
FNDA:0,(anonymous_6)
FNDA:0,(anonymous_7)
FNDA:0,verifyPublishedPackage
FNDA:0,testGlobalInstallation
FNDA:0,updateDistributionManifest
FNDA:0,generateUsageDocumentation
FNDA:0,logPublishSuccess
FNDA:0,cleanupTemporaryFiles
FNDA:0,main
DA:14,1
DA:15,1
DA:16,1
DA:17,1
DA:19,1
DA:22,0
DA:23,0
DA:24,0
DA:28,0
DA:32,0
DA:33,0
DA:34,0
DA:35,0
DA:36,0
DA:37,0
DA:38,0
DA:39,0
DA:41,0
DA:46,0
DA:47,0
DA:52,0
DA:54,0
DA:55,0
DA:58,0
DA:60,0
DA:61,0
DA:63,0
DA:64,0
DA:65,0
DA:66,0
DA:67,0
DA:69,0
DA:70,0
DA:73,0
DA:74,0
DA:77,0
DA:78,0
DA:83,0
DA:85,0
DA:87,0
DA:89,0
DA:90,0
DA:93,0
DA:95,0
DA:100,0
DA:101,0
DA:104,0
DA:105,0
DA:110,0
DA:112,0
DA:114,0
DA:115,0
DA:117,0
DA:124,0
DA:125,0
DA:127,0
DA:129,0
DA:130,0
DA:141,0
DA:146,0
DA:148,0
DA:150,0
DA:203,0
DA:204,0
DA:205,0
DA:209,0
DA:211,0
DA:213,0
DA:228,0
DA:232,0
DA:234,0
DA:240,0
DA:241,0
DA:242,0
DA:243,0
DA:244,0
DA:250,0
DA:251,0
DA:254,0
DA:255,0
DA:256,0
DA:260,0
DA:261,0
DA:262,0
DA:266,0
DA:269,0
DA:272,0
DA:275,0
DA:277,0
DA:278,0
DA:281,0
DA:282,0
DA:287,1
DA:288,0
DA:291,1
LF:95
LH:7
BRDA:21,0,0,0
BRDA:23,1,0,0
BRDA:23,1,1,0
BRDA:23,2,0,0
BRDA:23,2,1,0
BRDA:31,3,0,0
BRDA:63,4,0,0
BRDA:63,4,1,0
BRDA:65,5,0,0
BRDA:65,5,1,0
BRDA:114,6,0,0
BRDA:114,6,1,0
BRDA:242,7,0,0
BRDA:242,7,1,0
BRDA:255,8,0,0
BRDA:255,8,1,0
BRDA:261,9,0,0
BRDA:261,9,1,0
BRDA:287,10,0,0
BRDA:287,10,1,1
BRF:20
BRH:1
end_of_record
TN:
SF:scripts/prepublish.js
FN:32,log
FN:38,validatePackageJson
FN:70,validateRequiredFiles
FN:89,validateScripts
FN:118,validateBuildStatus
FN:138,generateDistributionManifest
FN:150,(anonymous_6)
FN:170,main
FNF:8
FNH:0
FNDA:0,log
FNDA:0,validatePackageJson
FNDA:0,validateRequiredFiles
FNDA:0,validateScripts
FNDA:0,validateBuildStatus
FNDA:0,generateDistributionManifest
FNDA:0,(anonymous_6)
FNDA:0,main
DA:13,1
DA:14,1
DA:15,1
DA:17,1
DA:18,1
DA:26,1
DA:33,0
DA:34,0
DA:35,0
DA:39,0
DA:41,0
DA:42,0
DA:43,0
DA:46,0
DA:49,0
DA:50,0
DA:51,0
DA:52,0
DA:57,0
DA:58,0
DA:62,0
DA:63,0
DA:66,0
DA:67,0
DA:71,0
DA:73,0
DA:75,0
DA:76,0
DA:77,0
DA:78,0
DA:82,0
DA:83,0
DA:86,0
DA:90,0
DA:92,0
DA:94,0
DA:95,0
DA:96,0
DA:97,0
DA:100,0
DA:101,0
DA:102,0
DA:104,0
DA:105,0
DA:111,0
DA:112,0
DA:115,0
DA:119,0
DA:122,0
DA:123,0
DA:124,0
DA:125,0
DA:128,0
DA:129,0
DA:131,0
DA:135,0
DA:139,0
DA:141,0
DA:142,0
DA:150,0
DA:163,0
DA:164,0
DA:166,0
DA:167,0
DA:171,0
DA:172,0
DA:175,0
DA:176,0
DA:177,0
DA:178,0
DA:181,0
DA:183,0
DA:184,0
DA:187,0
DA:190,0
DA:191,0
DA:196,1
DA:197,0
DA:200,1
LF:79
LH:8
BRDA:32,0,0,0
BRDA:34,1,0,0
BRDA:34,1,1,0
BRDA:34,2,0,0
BRDA:34,2,1,0
BRDA:42,3,0,0
BRDA:42,3,1,0
BRDA:51,4,0,0
BRDA:51,4,1,0
BRDA:57,5,0,0
BRDA:57,5,1,0
BRDA:62,6,0,0
BRDA:62,6,1,0
BRDA:62,7,0,0
BRDA:62,7,1,0
BRDA:77,8,0,0
BRDA:77,8,1,0
BRDA:82,9,0,0
BRDA:82,9,1,0
BRDA:96,10,0,0
BRDA:96,10,1,0
BRDA:100,11,0,0
BRDA:100,11,1,0
BRDA:111,12,0,0
BRDA:111,12,1,0
BRDA:124,13,0,0
BRDA:124,13,1,0
BRDA:124,14,0,0
BRDA:124,14,1,0
BRDA:128,15,0,0
BRDA:128,15,1,0
BRDA:196,16,0,0
BRDA:196,16,1,1
BRF:33
BRH:1
end_of_record
TN:
SF:src/cli-commands.js
FN:10,executeCommand
FN:50,cacheCommand
FN:72,decomposeCommand
FN:94,spawnCommand
FN:116,statusCommand
FN:134,commitCommand
FNF:6
FNH:0
FNDA:0,executeCommand
FNDA:0,cacheCommand
FNDA:0,decomposeCommand
FNDA:0,spawnCommand
FNDA:0,statusCommand
FNDA:0,commitCommand
DA:1,0
DA:2,0
DA:3,0
DA:4,0
DA:11,0
DA:14,0
DA:15,0
DA:16,0
DA:19,0
DA:20,0
DA:21,0
DA:22,0
DA:23,0
DA:27,0
DA:29,0
DA:30,0
DA:32,0
DA:33,0
DA:35,0
DA:36,0
DA:38,0
DA:39,0
DA:41,0
DA:42,0
DA:44,0
DA:45,0
DA:46,0
DA:51,0
DA:52,0
DA:53,0
DA:54,0
DA:55,0
DA:58,0
DA:60,0
DA:61,0
DA:62,0
DA:67,0
DA:68,0
DA:73,0
DA:74,0
DA:75,0
DA:76,0
DA:77,0
DA:80,0
DA:82,0
DA:83,0
DA:84,0
DA:89,0
DA:90,0
DA:95,0
DA:96,0
DA:97,0
DA:98,0
DA:99,0
DA:102,0
DA:104,0
DA:105,0
DA:106,0
DA:111,0
DA:112,0
DA:117,0
DA:119,0
DA:121,0
DA:122,0
DA:123,0
DA:124,0
DA:129,0
DA:130,0
DA:135,0
DA:136,0
DA:138,0
DA:140,0
DA:141,0
DA:142,0
DA:144,0
DA:145,0
DA:147,0
DA:148,0
DA:151,0
DA:156,0
DA:157,0
DA:161,0
LF:82
LH:0
BRDA:14,0,0,0
BRDA:14,0,1,0
BRDA:14,1,0,0
BRDA:14,1,1,0
BRDA:14,1,2,0
BRDA:19,2,0,0
BRDA:19,2,1,0
BRDA:19,3,0,0
BRDA:19,3,1,0
BRDA:27,4,0,0
BRDA:27,4,1,0
BRDA:27,4,2,0
BRDA:27,4,3,0
BRDA:27,4,4,0
BRDA:27,4,5,0
BRDA:44,5,0,0
BRDA:44,5,1,0
BRDA:52,6,0,0
BRDA:52,6,1,0
BRDA:74,7,0,0
BRDA:74,7,1,0
BRDA:96,8,0,0
BRDA:96,8,1,0
BRDA:123,9,0,0
BRDA:123,9,1,0
BRDA:138,10,0,0
BRDA:138,10,1,0
BRDA:144,11,0,0
BRDA:144,11,1,0
BRDA:147,12,0,0
BRDA:147,12,1,0
BRF:31
BRH:0
end_of_record
TN:
SF:src/cli-parser.js
FN:5,parseArgs
FN:50,showHelp
FNF:2
FNH:0
FNDA:0,parseArgs
FNDA:0,showHelp
DA:6,0
DA:12,0
DA:13,0
DA:14,0
DA:16,0
DA:18,0
DA:19,0
DA:20,0
DA:21,0
DA:22,0
DA:23,0
DA:25,0
DA:27,0
DA:29,0
DA:30,0
DA:31,0
DA:32,0
DA:34,0
DA:38,0
DA:39,0
DA:41,0
DA:44,0
DA:47,0
DA:51,0
DA:79,0
LF:25
LH:0
BRDA:16,0,0,0
BRDA:16,0,1,0
BRDA:19,1,0,0
BRDA:19,1,1,0
BRDA:21,2,0,0
BRDA:21,2,1,0
BRDA:21,3,0,0
BRDA:21,3,1,0
BRDA:27,4,0,0
BRDA:27,4,1,0
BRDA:30,5,0,0
BRDA:30,5,1,0
BRDA:30,6,0,0
BRDA:30,6,1,0
BRDA:38,7,0,0
BRDA:38,7,1,0
BRF:16
BRH:0
end_of_record
TN:
SF:src/install-steps.js
FN:11,(anonymous_0)
FN:15,(anonymous_1)
FN:49,(anonymous_2)
FN:87,(anonymous_3)
FN:92,(anonymous_4)
FN:106,(anonymous_5)
FN:128,(anonymous_6)
FN:176,(anonymous_7)
FN:183,(anonymous_8)
FN:208,(anonymous_9)
FN:315,(anonymous_10)
FN:342,(anonymous_11)
FN:392,(anonymous_12)
FN:452,(anonymous_13)
FN:476,(anonymous_14)
FN:495,(anonymous_15)
FN:515,(anonymous_16)
FN:525,(anonymous_17)
FN:542,(anonymous_18)
FNF:19
FNH:0
FNDA:0,(anonymous_0)
FNDA:0,(anonymous_1)
FNDA:0,(anonymous_2)
FNDA:0,(anonymous_3)
FNDA:0,(anonymous_4)
FNDA:0,(anonymous_5)
FNDA:0,(anonymous_6)
FNDA:0,(anonymous_7)
FNDA:0,(anonymous_8)
FNDA:0,(anonymous_9)
FNDA:0,(anonymous_10)
FNDA:0,(anonymous_11)
FNDA:0,(anonymous_12)
FNDA:0,(anonymous_13)
FNDA:0,(anonymous_14)
FNDA:0,(anonymous_15)
FNDA:0,(anonymous_16)
FNDA:0,(anonymous_17)
FNDA:0,(anonymous_18)
DA:1,0
DA:2,0
DA:3,0
DA:4,0
DA:5,0
DA:6,0
DA:8,0
DA:12,0
DA:16,0
DA:18,0
DA:20,0
DA:22,0
DA:23,0
DA:26,0
DA:27,0
DA:29,0
DA:30,0
DA:33,0
DA:34,0
DA:35,0
DA:36,0
DA:42,0
DA:43,0
DA:45,0
DA:50,0
DA:52,0
DA:59,0
DA:61,0
DA:62,0
DA:63,0
DA:64,0
DA:70,0
DA:72,0
DA:79,0
DA:80,0
DA:82,0
DA:87,0
DA:89,0
DA:90,0
DA:91,0
DA:92,0
DA:93,0
DA:95,0
DA:96,0
DA:97,0
DA:98,0
DA:99,0
DA:100,0
DA:103,0
DA:107,0
DA:109,0
DA:121,0
DA:122,0
DA:123,0
DA:124,0
DA:129,0
DA:131,0
DA:132,0
DA:135,0
DA:158,0
DA:162,0
DA:163,0
DA:164,0
DA:166,0
DA:167,0
DA:168,0
DA:169,0
DA:171,0
DA:177,0
DA:179,0
DA:181,0
DA:182,0
DA:183,0
DA:185,0
DA:186,0
DA:189,0
DA:190,0
DA:194,0
DA:195,0
DA:196,0
DA:197,0
DA:198,0
DA:199,0
DA:204,0
DA:209,0
DA:212,0
DA:213,0
DA:227,0
DA:228,0
DA:231,0
DA:232,0
DA:233,0
DA:237,0
DA:238,0
DA:242,0
DA:243,0
DA:245,0
DA:246,0
DA:285,0
DA:286,0
DA:289,0
DA:290,0
DA:291,0
DA:310,0
DA:311,0
DA:316,0
DA:319,0
DA:320,0
DA:337,0
DA:338,0
DA:339,0
DA:343,0
DA:345,0
DA:348,0
DA:349,0
DA:350,0
DA:354,0
DA:355,0
DA:383,0
DA:384,0
DA:387,0
DA:388,0
DA:389,0
DA:393,0
DA:396,0
DA:397,0
DA:411,0
DA:412,0
DA:415,0
DA:416,0
DA:448,0
DA:449,0
DA:453,0
DA:455,0
DA:465,0
DA:467,0
DA:468,0
DA:469,0
DA:470,0
DA:474,0
DA:475,0
DA:476,0
DA:477,0
DA:480,0
DA:484,0
DA:485,0
DA:486,0
DA:487,0
DA:488,0
DA:490,0
DA:496,0
DA:498,0
DA:506,0
DA:507,0
DA:508,0
DA:509,0
DA:510,0
DA:516,0
DA:518,0
DA:519,0
DA:520,0
DA:522,0
DA:523,0
DA:524,0
DA:525,0
DA:527,0
DA:528,0
DA:531,0
DA:532,0
DA:533,0
DA:538,0
DA:543,0
DA:545,0
DA:550,0
DA:551,0
DA:552,0
DA:553,0
DA:554,0
DA:560,0
LF:179
LH:0
BRDA:20,0,0,0
BRDA:20,0,1,0
BRDA:27,1,0,0
BRDA:27,1,1,0
BRDA:29,2,0,0
BRDA:29,2,1,0
BRDA:29,3,0,0
BRDA:29,3,1,0
BRDA:33,4,0,0
BRDA:33,4,1,0
BRDA:33,5,0,0
BRDA:33,5,1,0
BRDA:35,6,0,0
BRDA:35,6,1,0
BRDA:79,7,0,0
BRDA:79,7,1,0
BRDA:87,8,0,0
BRDA:87,8,1,0
BRDA:89,9,0,0
BRDA:89,9,1,0
BRDA:158,10,0,0
BRDA:158,10,1,0
BRDA:166,11,0,0
BRDA:166,11,1,0
BRDA:197,12,0,0
BRDA:197,12,1,0
BRDA:231,13,0,0
BRDA:231,13,1,0
BRDA:290,14,0,0
BRDA:290,14,1,0
BRDA:348,15,0,0
BRDA:348,15,1,0
BRDA:383,16,0,0
BRDA:383,16,1,0
BRDA:469,17,0,0
BRDA:469,17,1,0
BRDA:474,18,0,0
BRDA:474,18,1,0
BRDA:485,19,0,0
BRDA:485,19,1,0
BRDA:487,20,0,0
BRDA:487,20,1,0
BRDA:508,21,0,0
BRDA:508,21,1,0
BRDA:527,22,0,0
BRDA:527,22,1,0
BRDA:531,23,0,0
BRDA:531,23,1,0
BRDA:552,24,0,0
BRDA:552,24,1,0
BRF:50
BRH:0
end_of_record
TN:
SF:src/install-utils.js
FN:10,(anonymous_0)
FN:15,(anonymous_1)
FN:24,(anonymous_2)
FN:34,(anonymous_3)
FN:43,(anonymous_4)
FN:52,(anonymous_5)
FN:71,(anonymous_6)
FN:81,(anonymous_7)
FN:94,(anonymous_8)
FN:110,(anonymous_9)
FN:154,(anonymous_10)
FN:163,(anonymous_11)
FN:172,(anonymous_12)
FN:215,(anonymous_13)
FN:232,(anonymous_14)
FN:242,(anonymous_15)
FN:269,(anonymous_16)
FN:280,(anonymous_17)
FN:290,(anonymous_18)
FN:296,(anonymous_19)
FN:300,(anonymous_20)
FN:304,(anonymous_21)
FN:311,(anonymous_22)
FN:315,(anonymous_23)
FN:325,(anonymous_24)
FN:330,(anonymous_25)
FN:349,(anonymous_26)
FN:379,(anonymous_27)
FN:391,(anonymous_28)
FNF:29
FNH:0
FNDA:0,(anonymous_0)
FNDA:0,(anonymous_1)
FNDA:0,(anonymous_2)
FNDA:0,(anonymous_3)
FNDA:0,(anonymous_4)
FNDA:0,(anonymous_5)
FNDA:0,(anonymous_6)
FNDA:0,(anonymous_7)
FNDA:0,(anonymous_8)
FNDA:0,(anonymous_9)
FNDA:0,(anonymous_10)
FNDA:0,(anonymous_11)
FNDA:0,(anonymous_12)
FNDA:0,(anonymous_13)
FNDA:0,(anonymous_14)
FNDA:0,(anonymous_15)
FNDA:0,(anonymous_16)
FNDA:0,(anonymous_17)
FNDA:0,(anonymous_18)
FNDA:0,(anonymous_19)
FNDA:0,(anonymous_20)
FNDA:0,(anonymous_21)
FNDA:0,(anonymous_22)
FNDA:0,(anonymous_23)
FNDA:0,(anonymous_24)
FNDA:0,(anonymous_25)
FNDA:0,(anonymous_26)
FNDA:0,(anonymous_27)
FNDA:0,(anonymous_28)
DA:1,0
DA:2,0
DA:3,0
DA:4,0
DA:5,0
DA:7,0
DA:11,0
DA:12,0
DA:16,0
DA:17,0
DA:18,0
DA:20,0
DA:25,0
DA:26,0
DA:27,0
DA:28,0
DA:30,0
DA:35,0
DA:36,0
DA:37,0
DA:39,0
DA:44,0
DA:45,0
DA:46,0
DA:48,0
DA:53,0
DA:55,0
DA:57,0
DA:58,0
DA:61,0
DA:64,0
DA:67,0
DA:72,0
DA:73,0
DA:74,0
DA:76,0
DA:77,0
DA:82,0
DA:84,0
DA:85,0
DA:86,0
DA:87,0
DA:90,0
DA:91,0
DA:95,0
DA:97,0
DA:98,0
DA:100,0
DA:101,0
DA:104,0
DA:107,0
DA:111,0
DA:124,0
DA:126,0
DA:127,0
DA:128,0
DA:129,0
DA:134,0
DA:144,0
DA:145,0
DA:146,0
DA:147,0
DA:151,0
DA:155,0
DA:156,0
DA:157,0
DA:159,0
DA:164,0
DA:165,0
DA:166,0
DA:168,0
DA:173,0
DA:175,0
DA:177,0
DA:178,0
DA:182,0
DA:183,0
DA:190,0
DA:191,0
DA:198,0
DA:199,0
DA:206,0
DA:207,0
DA:208,0
DA:211,0
DA:212,0
DA:216,0
DA:217,0
DA:220,0
DA:221,0
DA:224,0
DA:225,0
DA:229,0
DA:233,0
DA:234,0
DA:235,0
DA:236,0
DA:238,0
DA:243,0
DA:252,0
DA:253,0
DA:254,0
DA:256,0
DA:259,0
DA:260,0
DA:261,0
DA:263,0
DA:266,0
DA:270,0
DA:271,0
DA:274,0
DA:276,0
DA:282,0
DA:291,0
DA:292,0
DA:293,0
DA:297,0
DA:299,0
DA:301,0
DA:302,0
DA:305,0
DA:311,0
DA:316,0
DA:317,0
DA:318,0
DA:320,0
DA:321,0
DA:324,0
DA:325,0
DA:331,0
DA:332,0
DA:334,0
DA:335,0
DA:336,0
DA:337,0
DA:338,0
DA:339,0
DA:346,0
DA:350,0
DA:376,0
DA:380,0
DA:382,0
DA:383,0
DA:384,0
DA:386,0
DA:388,0
DA:392,0
DA:393,0
DA:402,0
DA:404,0
DA:408,0
LF:151
LH:0
BRDA:55,0,0,0
BRDA:55,0,1,0
BRDA:55,0,2,0
BRDA:55,0,3,0
BRDA:84,1,0,0
BRDA:84,1,1,0
BRDA:100,2,0,0
BRDA:100,2,1,0
BRDA:128,3,0,0
BRDA:128,3,1,0
BRDA:146,4,0,0
BRDA:146,4,1,0
BRDA:177,5,0,0
BRDA:177,5,1,0
BRDA:182,6,0,0
BRDA:182,6,1,0
BRDA:190,7,0,0
BRDA:190,7,1,0
BRDA:198,8,0,0
BRDA:198,8,1,0
BRDA:206,9,0,0
BRDA:206,9,1,0
BRDA:207,10,0,0
BRDA:207,10,1,0
BRDA:216,11,0,0
BRDA:216,11,1,0
BRDA:220,12,0,0
BRDA:220,12,1,0
BRDA:224,13,0,0
BRDA:224,13,1,0
BRDA:290,14,0,0
BRDA:315,15,0,0
BRDA:315,16,0,0
BRDA:320,17,0,0
BRDA:320,17,1,0
BRDA:332,18,0,0
BRDA:332,18,1,0
BRDA:353,19,0,0
BRDA:353,19,1,0
BRDA:354,20,0,0
BRDA:354,20,1,0
BRDA:355,21,0,0
BRDA:355,21,1,0
BRDA:362,22,0,0
BRDA:362,22,1,0
BRDA:364,23,0,0
BRDA:364,23,1,0
BRDA:369,24,0,0
BRDA:369,24,1,0
BRDA:371,25,0,0
BRDA:371,25,1,0
BRDA:376,26,0,0
BRDA:376,26,1,0
BRDA:379,27,0,0
BRDA:380,28,0,0
BRDA:380,28,1,0
BRDA:383,29,0,0
BRDA:383,29,1,0
BRF:58
BRH:0
end_of_record
TN:
SF:src/installer.js
FN:9,(anonymous_0)
FN:15,(anonymous_1)
FN:43,(anonymous_2)
FN:56,(anonymous_3)
FN:65,(anonymous_4)
FN:82,(anonymous_5)
FN:83,(anonymous_6)
FN:111,(anonymous_7)
FN:112,(anonymous_8)
FN:130,(anonymous_9)
FN:149,(anonymous_10)
FN:170,(anonymous_11)
FN:203,(anonymous_12)
FNF:13
FNH:0
FNDA:0,(anonymous_0)
FNDA:0,(anonymous_1)
FNDA:0,(anonymous_2)
FNDA:0,(anonymous_3)
FNDA:0,(anonymous_4)
FNDA:0,(anonymous_5)
FNDA:0,(anonymous_6)
FNDA:0,(anonymous_7)
FNDA:0,(anonymous_8)
FNDA:0,(anonymous_9)
FNDA:0,(anonymous_10)
FNDA:0,(anonymous_11)
FNDA:0,(anonymous_12)
DA:1,0
DA:2,0
DA:3,0
DA:4,0
DA:5,0
DA:6,0
DA:10,0
DA:11,0
DA:12,0
DA:16,0
DA:17,0
DA:18,0
DA:20,0
DA:23,0
DA:26,0
DA:29,0
DA:32,0
DA:35,0
DA:38,0
DA:39,0
DA:44,0
DA:47,0
DA:50,0
DA:52,0
DA:53,0
DA:57,0
DA:59,0
DA:66,0
DA:67,0
DA:69,0
DA:82,0
DA:84,0
DA:85,0
DA:87,0
DA:111,0
DA:113,0
DA:114,0
DA:116,0
DA:122,0
DA:124,0
DA:125,0
DA:127,0
DA:131,0
DA:134,0
DA:137,0
DA:140,0
DA:143,0
DA:145,0
DA:146,0
DA:150,0
DA:153,0
DA:156,0
DA:157,0
DA:161,0
DA:164,0
DA:166,0
DA:167,0
DA:171,0
DA:172,0
DA:173,0
DA:174,0
DA:176,0
DA:177,0
DA:178,0
DA:179,0
DA:182,0
DA:183,0
DA:184,0
DA:186,0
DA:187,0
DA:188,0
DA:190,0
DA:191,0
DA:192,0
DA:194,0
DA:195,0
DA:196,0
DA:197,0
DA:198,0
DA:200,0
DA:204,0
DA:206,0
DA:208,0
DA:217,0
DA:218,0
DA:219,0
DA:222,0
DA:224,0
DA:227,0
DA:230,0
DA:232,0
DA:235,0
DA:236,0
DA:241,0
LF:94
LH:0
BRDA:9,0,0,0
BRDA:15,1,0,0
BRDA:15,2,0,0
BRDA:64,3,0,0
BRDA:64,3,1,0
BRDA:66,4,0,0
BRDA:66,4,1,0
BRDA:66,5,0,0
BRDA:66,5,1,0
BRDA:84,6,0,0
BRDA:84,6,1,0
BRDA:84,7,0,0
BRDA:84,7,1,0
BRDA:113,8,0,0
BRDA:113,8,1,0
BRDA:113,9,0,0
BRDA:113,9,1,0
BRDA:156,10,0,0
BRDA:156,10,1,0
BRDA:176,11,0,0
BRDA:176,11,1,0
BRDA:176,12,0,0
BRDA:176,12,1,0
BRDA:203,13,0,0
BRDA:217,14,0,0
BRDA:217,14,1,0
BRF:26
BRH:0
end_of_record
TN:
SF:src/validation-errors.js
FN:6,(anonymous_0)
FN:16,(anonymous_1)
FN:23,(anonymous_2)
FN:32,(anonymous_3)
FN:41,(anonymous_4)
FN:51,(anonymous_5)
FN:55,(anonymous_6)
FN:63,(anonymous_7)
FN:67,(anonymous_8)
FN:71,(anonymous_9)
FN:72,(anonymous_10)
FN:75,(anonymous_11)
FN:76,(anonymous_12)
FN:79,(anonymous_13)
FN:83,(anonymous_14)
FN:87,(anonymous_15)
FNF:16
FNH:0
FNDA:0,(anonymous_0)
FNDA:0,(anonymous_1)
FNDA:0,(anonymous_2)
FNDA:0,(anonymous_3)
FNDA:0,(anonymous_4)
FNDA:0,(anonymous_5)
FNDA:0,(anonymous_6)
FNDA:0,(anonymous_7)
FNDA:0,(anonymous_8)
FNDA:0,(anonymous_9)
FNDA:0,(anonymous_10)
FNDA:0,(anonymous_11)
FNDA:0,(anonymous_12)
FNDA:0,(anonymous_13)
FNDA:0,(anonymous_14)
FNDA:0,(anonymous_15)
DA:7,0
DA:8,0
DA:9,0
DA:10,0
DA:11,0
DA:17,0
DA:18,0
DA:24,0
DA:25,0
DA:26,0
DA:27,0
DA:33,0
DA:34,0
DA:35,0
DA:36,0
DA:42,0
DA:43,0
DA:44,0
DA:45,0
DA:46,0
DA:52,0
DA:56,0
DA:57,0
DA:59,0
DA:64,0
DA:68,0
DA:72,0
DA:76,0
DA:80,0
DA:84,0
DA:87,0
DA:98,3
LF:32
LH:1
BRDA:6,0,0,0
BRDA:6,1,0,0
BRDA:56,2,0,0
BRDA:56,2,1,0
BRDA:59,3,0,0
BRDA:59,3,1,0
BRF:6
BRH:0
end_of_record
TN:
SF:src/validation-rules.js
FN:14,(anonymous_0)
FN:20,(anonymous_1)
FN:26,(anonymous_2)
FN:31,(anonymous_3)
FN:33,(anonymous_4)
FN:41,(anonymous_5)
FN:48,(anonymous_6)
FN:55,(anonymous_7)
FN:62,(anonymous_8)
FN:69,(anonymous_9)
FN:77,(anonymous_10)
FN:85,(anonymous_11)
FN:94,(anonymous_12)
FN:103,(anonymous_13)
FN:120,(anonymous_14)
FN:134,(anonymous_15)
FN:146,(anonymous_16)
FN:156,(anonymous_17)
FN:168,(anonymous_18)
FN:172,(anonymous_19)
FN:176,(anonymous_20)
FN:180,(anonymous_21)
FN:188,(anonymous_22)
FN:207,(anonymous_23)
FNF:24
FNH:4
FNDA:14,(anonymous_0)
FNDA:0,(anonymous_1)
FNDA:1,(anonymous_2)
FNDA:1,(anonymous_3)
FNDA:0,(anonymous_4)
FNDA:0,(anonymous_5)
FNDA:0,(anonymous_6)
FNDA:0,(anonymous_7)
FNDA:0,(anonymous_8)
FNDA:0,(anonymous_9)
FNDA:0,(anonymous_10)
FNDA:0,(anonymous_11)
FNDA:0,(anonymous_12)
FNDA:0,(anonymous_13)
FNDA:0,(anonymous_14)
FNDA:0,(anonymous_15)
FNDA:0,(anonymous_16)
FNDA:0,(anonymous_17)
FNDA:14,(anonymous_18)
FNDA:0,(anonymous_19)
FNDA:0,(anonymous_20)
FNDA:0,(anonymous_21)
FNDA:0,(anonymous_22)
FNDA:0,(anonymous_23)
DA:11,2
DA:15,14
DA:16,14
DA:17,14
DA:21,0
DA:27,1
DA:28,1
DA:33,1
DA:34,0
DA:35,0
DA:37,0
DA:41,1
DA:42,0
DA:43,0
DA:45,0
DA:48,1
DA:49,0
DA:50,0
DA:52,0
DA:55,1
DA:56,0
DA:57,0
DA:59,0
DA:62,1
DA:63,0
DA:64,0
DA:66,0
DA:69,1
DA:70,0
DA:71,0
DA:73,0
DA:77,1
DA:78,0
DA:79,0
DA:80,0
DA:82,0
DA:85,1
DA:86,0
DA:87,0
DA:88,0
DA:90,0
DA:94,1
DA:95,0
DA:96,0
DA:97,0
DA:99,0
DA:103,1
DA:104,0
DA:105,0
DA:106,0
DA:108,0
DA:109,0
DA:111,0
DA:112,0
DA:114,0
DA:115,0
DA:117,0
DA:120,1
DA:121,0
DA:122,0
DA:123,0
DA:125,0
DA:126,0
DA:128,0
DA:129,0
DA:131,0
DA:134,1
DA:135,0
DA:136,0
DA:137,0
DA:139,0
DA:140,0
DA:142,0
DA:146,1
DA:147,0
DA:148,0
DA:149,0
DA:150,0
DA:152,0
DA:156,1
DA:157,0
DA:158,0
DA:159,0
DA:160,0
DA:161,0
DA:164,0
DA:169,14
DA:173,0
DA:177,0
DA:181,0
DA:182,0
DA:183,0
DA:185,0
DA:189,0
DA:191,0
DA:192,0
DA:193,0
DA:194,0
DA:195,0
DA:196,0
DA:197,0
DA:200,0
DA:204,0
DA:208,0
DA:212,2
LF:105
LH:22
BRDA:14,0,0,0
BRDA:20,1,0,0
BRDA:34,2,0,0
BRDA:34,2,1,0
BRDA:34,3,0,0
BRDA:34,3,1,0
BRDA:34,3,2,0
BRDA:42,4,0,0
BRDA:42,4,1,0
BRDA:49,5,0,0
BRDA:49,5,1,0
BRDA:49,6,0,0
BRDA:49,6,1,0
BRDA:56,7,0,0
BRDA:56,7,1,0
BRDA:63,8,0,0
BRDA:63,8,1,0
BRDA:70,9,0,0
BRDA:70,9,1,0
BRDA:70,10,0,0
BRDA:70,10,1,0
BRDA:70,10,2,0
BRDA:79,11,0,0
BRDA:79,11,1,0
BRDA:96,12,0,0
BRDA:96,12,1,0
BRDA:105,13,0,0
BRDA:105,13,1,0
BRDA:108,14,0,0
BRDA:108,14,1,0
BRDA:108,15,0,0
BRDA:108,15,1,0
BRDA:111,16,0,0
BRDA:111,16,1,0
BRDA:111,17,0,0
BRDA:111,17,1,0
BRDA:114,18,0,0
BRDA:114,18,1,0
BRDA:114,19,0,0
BRDA:114,19,1,0
BRDA:122,20,0,0
BRDA:122,20,1,0
BRDA:122,21,0,0
BRDA:122,21,1,0
BRDA:125,22,0,0
BRDA:125,22,1,0
BRDA:125,23,0,0
BRDA:125,23,1,0
BRDA:128,24,0,0
BRDA:128,24,1,0
BRDA:128,25,0,0
BRDA:128,25,1,0
BRDA:136,26,0,0
BRDA:136,26,1,0
BRDA:136,27,0,0
BRDA:136,27,1,0
BRDA:136,27,2,0
BRDA:139,28,0,0
BRDA:139,28,1,0
BRDA:139,29,0,0
BRDA:139,29,1,0
BRDA:139,29,2,0
BRDA:148,30,0,0
BRDA:148,30,1,0
BRDA:149,31,0,0
BRDA:149,31,1,0
BRDA:158,32,0,0
BRDA:158,32,1,0
BRDA:160,33,0,0
BRDA:160,33,1,0
BRDA:161,34,0,0
BRDA:161,34,1,0
BRDA:168,35,0,14
BRDA:180,36,0,0
BRDA:182,37,0,0
BRDA:182,37,1,0
BRDA:193,38,0,0
BRDA:193,38,1,0
BRDA:195,39,0,0
BRDA:195,39,1,0
BRF:80
BRH:1
end_of_record
TN:
SF:src/validator.js
FN:9,(anonymous_0)
FN:19,(anonymous_1)
FN:28,(anonymous_2)
FN:39,(anonymous_3)
FN:49,(anonymous_4)
FN:65,(anonymous_5)
FN:88,(anonymous_6)
FN:95,(anonymous_7)
FN:100,(anonymous_8)
FN:106,(anonymous_9)
FN:122,(anonymous_10)
FN:142,(anonymous_11)
FN:163,(anonymous_12)
FN:171,(anonymous_13)
FN:181,(anonymous_14)
FN:196,(anonymous_15)
FNF:16
FNH:1
FNDA:1,(anonymous_0)
FNDA:0,(anonymous_1)
FNDA:0,(anonymous_2)
FNDA:0,(anonymous_3)
FNDA:0,(anonymous_4)
FNDA:0,(anonymous_5)
FNDA:0,(anonymous_6)
FNDA:0,(anonymous_7)
FNDA:0,(anonymous_8)
FNDA:0,(anonymous_9)
FNDA:0,(anonymous_10)
FNDA:0,(anonymous_11)
FNDA:0,(anonymous_12)
FNDA:0,(anonymous_13)
FNDA:0,(anonymous_14)
FNDA:0,(anonymous_15)
DA:5,1
DA:6,1
DA:10,1
DA:11,1
DA:20,0
DA:29,0
DA:40,0
DA:50,0
DA:52,0
DA:53,0
DA:56,0
DA:57,0
DA:60,0
DA:61,0
DA:62,0
DA:64,0
DA:65,0
DA:67,0
DA:71,0
DA:89,0
DA:92,0
DA:94,0
DA:95,0
DA:96,0
DA:97,0
DA:99,0
DA:100,0
DA:104,0
DA:105,0
DA:106,0
DA:107,0
DA:108,0
DA:113,0
DA:123,0
DA:125,0
DA:126,0
DA:128,0
DA:129,0
DA:130,0
DA:133,0
DA:143,0
DA:144,0
DA:146,0
DA:147,0
DA:148,0
DA:149,0
DA:151,0
DA:154,0
DA:164,0
DA:172,0
DA:182,0
DA:183,0
DA:184,0
DA:186,0
DA:197,0
DA:199,0
DA:200,0
DA:201,0
DA:202,0
DA:204,0
DA:208,0
DA:218,1
DA:220,1
LF:63
LH:6
BRDA:50,0,0,0
BRDA:50,0,1,0
BRDA:52,1,0,0
BRDA:52,1,1,0
BRDA:64,2,0,0
BRDA:64,2,1,0
BRDA:88,3,0,0
BRDA:92,4,0,0
BRDA:92,4,1,0
BRDA:96,5,0,0
BRDA:96,5,1,0
BRDA:96,6,0,0
BRDA:96,6,1,0
BRDA:97,7,0,0
BRDA:97,7,1,0
BRDA:104,8,0,0
BRDA:104,8,1,0
BRDA:104,9,0,0
BRDA:104,9,1,0
BRDA:104,9,2,0
BRDA:123,10,0,0
BRDA:123,10,1,0
BRDA:123,11,0,0
BRDA:123,11,1,0
BRDA:129,12,0,0
BRDA:129,12,1,0
BRDA:129,13,0,0
BRDA:129,13,1,0
BRDA:148,14,0,0
BRDA:148,14,1,0
BRDA:148,15,0,0
BRDA:148,15,1,0
BRDA:163,16,0,0
BRF:33
BRH:0
end_of_record
TN:
SF:utils/llm-decomposer.js
FN:29,(anonymous_0)
FN:50,(anonymous_1)
FN:65,(anonymous_2)
FN:76,(anonymous_3)
FN:110,(anonymous_4)
FN:188,(anonymous_5)
FN:231,(anonymous_6)
FN:232,(anonymous_7)
FN:244,(anonymous_8)
FN:264,(anonymous_9)
FN:334,(anonymous_10)
FN:352,(anonymous_11)
FN:385,(anonymous_12)
FN:417,(anonymous_13)
FN:452,(anonymous_14)
FN:476,(anonymous_15)
FN:508,(anonymous_16)
FN:560,(anonymous_17)
FN:568,(anonymous_18)
FN:589,(anonymous_19)
FNF:20
FNH:0
FNDA:0,(anonymous_0)
FNDA:0,(anonymous_1)
FNDA:0,(anonymous_2)
FNDA:0,(anonymous_3)
FNDA:0,(anonymous_4)
FNDA:0,(anonymous_5)
FNDA:0,(anonymous_6)
FNDA:0,(anonymous_7)
FNDA:0,(anonymous_8)
FNDA:0,(anonymous_9)
FNDA:0,(anonymous_10)
FNDA:0,(anonymous_11)
FNDA:0,(anonymous_12)
FNDA:0,(anonymous_13)
FNDA:0,(anonymous_14)
FNDA:0,(anonymous_15)
FNDA:0,(anonymous_16)
FNDA:0,(anonymous_17)
FNDA:0,(anonymous_18)
FNDA:0,(anonymous_19)
DA:17,0
DA:18,0
DA:19,0
DA:22,0
DA:23,0
DA:25,0
DA:30,0
DA:31,0
DA:32,0
DA:33,0
DA:34,0
DA:35,0
DA:38,0
DA:39,0
DA:41,0
DA:44,0
DA:51,0
DA:53,0
DA:55,0
DA:57,0
DA:59,0
DA:61,0
DA:66,0
DA:67,0
DA:77,0
DA:79,0
DA:81,0
DA:82,0
DA:83,0
DA:87,0
DA:88,0
DA:89,0
DA:90,0
DA:92,0
DA:93,0
DA:96,0
DA:97,0
DA:98,0
DA:102,0
DA:103,0
DA:111,0
DA:120,0
DA:153,0
DA:154,0
DA:155,0
DA:158,0
DA:159,0
DA:160,0
DA:161,0
DA:162,0
DA:166,0
DA:167,0
DA:168,0
DA:172,0
DA:173,0
DA:174,0
DA:177,0
DA:178,0
DA:179,0
DA:182,0
DA:189,0
DA:213,0
DA:214,0
DA:216,0
DA:217,0
DA:218,0
DA:219,0
DA:220,0
DA:225,0
DA:232,0
DA:245,0
DA:246,0
DA:248,0
DA:249,0
DA:250,0
DA:253,0
DA:254,0
DA:255,0
DA:257,0
DA:258,0
DA:265,0
DA:335,0
DA:337,0
DA:339,0
DA:341,0
DA:343,0
DA:345,0
DA:353,0
DA:354,0
DA:357,0
DA:374,0
DA:375,0
DA:378,0
DA:379,0
DA:386,0
DA:387,0
DA:390,0
DA:406,0
DA:407,0
DA:410,0
DA:411,0
DA:418,0
DA:419,0
DA:422,0
DA:441,0
DA:442,0
DA:445,0
DA:446,0
DA:453,0
DA:465,0
DA:466,0
DA:469,0
DA:470,0
DA:477,0
DA:479,0
DA:480,0
DA:481,0
DA:484,0
DA:487,0
DA:488,0
DA:492,0
DA:495,0
DA:497,0
DA:499,0
DA:500,0
DA:501,0
DA:509,0
DA:510,0
DA:513,0
DA:514,0
DA:519,0
DA:520,0
DA:521,0
DA:522,0
DA:527,0
DA:532,0
DA:533,0
DA:534,0
DA:535,0
DA:537,0
DA:541,0
DA:542,0
DA:543,0
DA:544,0
DA:545,0
DA:549,0
DA:550,0
DA:553,0
DA:554,0
DA:561,0
DA:562,0
DA:569,0
DA:570,0
DA:571,0
DA:572,0
DA:575,0
DA:576,0
DA:577,0
DA:580,0
DA:582,0
DA:590,0
DA:591,0
DA:592,0
DA:596,0
DA:598,0
DA:603,0
LF:166
LH:0
BRDA:32,0,0,0
BRDA:32,0,1,0
BRDA:33,1,0,0
BRDA:33,1,1,0
BRDA:38,2,0,0
BRDA:38,2,1,0
BRDA:51,3,0,0
BRDA:51,3,1,0
BRDA:51,3,2,0
BRDA:51,3,3,0
BRDA:51,3,4,0
BRDA:61,4,0,0
BRDA:61,4,1,0
BRDA:61,4,2,0
BRDA:76,5,0,0
BRDA:81,6,0,0
BRDA:81,6,1,0
BRDA:161,7,0,0
BRDA:161,7,1,0
BRDA:166,8,0,0
BRDA:166,8,1,0
BRDA:177,9,0,0
BRDA:177,9,1,0
BRDA:213,10,0,0
BRDA:213,10,1,0
BRDA:218,11,0,0
BRDA:218,11,1,0
BRDA:225,12,0,0
BRDA:225,12,1,0
BRDA:248,13,0,0
BRDA:248,13,1,0
BRDA:335,14,0,0
BRDA:335,14,1,0
BRDA:335,14,2,0
BRDA:335,14,3,0
BRDA:335,14,4,0
BRDA:353,15,0,0
BRDA:353,15,1,0
BRDA:374,16,0,0
BRDA:374,16,1,0
BRDA:386,17,0,0
BRDA:386,17,1,0
BRDA:398,18,0,0
BRDA:398,18,1,0
BRDA:406,19,0,0
BRDA:406,19,1,0
BRDA:418,20,0,0
BRDA:418,20,1,0
BRDA:441,21,0,0
BRDA:441,21,1,0
BRDA:459,22,0,0
BRDA:459,22,1,0
BRDA:465,23,0,0
BRDA:465,23,1,0
BRDA:480,24,0,0
BRDA:480,24,1,0
BRDA:487,25,0,0
BRDA:487,25,1,0
BRDA:487,26,0,0
BRDA:487,26,1,0
BRDA:487,26,2,0
BRDA:495,27,0,0
BRDA:495,27,1,0
BRDA:515,28,0,0
BRDA:515,28,1,0
BRDA:516,29,0,0
BRDA:516,29,1,0
BRDA:520,30,0,0
BRDA:520,30,1,0
BRDA:532,31,0,0
BRDA:532,31,1,0
BRDA:543,32,0,0
BRDA:543,32,1,0
BRDA:543,33,0,0
BRDA:543,33,1,0
BRDA:549,34,0,0
BRDA:549,34,1,0
BRDA:576,35,0,0
BRDA:576,35,1,0
BRF:79
BRH:0
end_of_record
